<?xml version="1.0" encoding="UTF-8"?>
<testng-results ignored="0" total="3" passed="3" failed="0" skipped="0">
  <reporter-output>
  </reporter-output>
  <suite started-at="2023-11-21T15:22:57 EST" name="Suite" finished-at="2023-11-21T15:23:14 EST" duration-ms="16744">
    <groups>
    </groups>
    <test started-at="2023-11-21T15:22:57 EST" name="Test" finished-at="2023-11-21T15:23:14 EST" duration-ms="16744">
      <class name="testCases.TC_009">
        <test-method signature="test9()[pri:0, instance:testCases.TC_009@63376bed]" started-at="2023-11-21T15:22:57 EST" name="test9" finished-at="2023-11-21T15:23:14 EST" duration-ms="16664" status="PASS">
          <reporter-output>
          </reporter-output>
        </test-method> <!-- test9 -->
      </class> <!-- testCases.TC_009 -->
      <class name="testCases.TC_007">
        <test-method signature="test7()[pri:0, instance:testCases.TC_007@5677323c]" started-at="2023-11-21T15:22:57 EST" name="test7" finished-at="2023-11-21T15:23:13 EST" duration-ms="16497" status="PASS">
          <reporter-output>
          </reporter-output>
        </test-method> <!-- test7 -->
      </class> <!-- testCases.TC_007 -->
      <class name="testCases.TC_008">
        <test-method signature="test8()[pri:0, instance:testCases.TC_008@3c77d488]" started-at="2023-11-21T15:22:57 EST" name="test8" finished-at="2023-11-21T15:23:13 EST" duration-ms="16546" status="PASS">
          <reporter-output>
          </reporter-output>
        </test-method> <!-- test8 -->
      </class> <!-- testCases.TC_008 -->
    </test> <!-- Test -->
  </suite> <!-- Suite -->
</testng-results>
